<?xml version="1.0" encoding="UTF-8"?>
<!-- Generated by org.testng.reporters.JUnitReportReporter -->
<testsuite hostname="LAPTOP-RLOOET04" failures="0" tests="7" name="test.cases.LoginTestCase" time="124.815" errors="0" timestamp="2023-04-05T22:13:05 IST" skipped="0">
  <testcase classname="test.cases.LoginTestCase" name="verifyLogInWithNullValues" time="5.129"/>
  <system-out/>
  <testcase classname="test.cases.LoginTestCase" name="verifyLoginWithInValidCredendial" time="10.981"/>
  <system-out/>
  <testcase classname="test.cases.LoginTestCase" name="verifyLogInWithNullValues" time="44.525"/>
  <system-out/>
  <testcase classname="test.cases.LoginTestCase" name="verifyLoginWithValidCredendial" time="40.990"/>
  <system-out/>
  <testcase classname="test.cases.LoginTestCase" name="verifyLoginWithInValidCredendial" time="13.088"/>
  <system-out/>
  <testcase classname="test.cases.LoginTestCase" name="verifyLogInWithNullValues" time="3.029"/>
  <system-out/>
  <testcase classname="test.cases.LoginTestCase" name="verifyLoginWithInValidCredendial" time="7.073"/>
  <system-out/>
</testsuite> <!-- test.cases.LoginTestCase -->
