<?xml version="1.0" encoding="UTF-8"?>
<!-- Generated by org.testng.reporters.JUnitReportReporter -->
<testsuite hostname="LAPTOP-RLOOET04" failures="0" tests="2" name="test.cases.UserManagementTestCase" time="27.750" errors="0" timestamp="2023-04-05T22:13:05 IST" skipped="0">
  <testcase classname="test.cases.UserManagementTestCase" name="userManagementUI" time="16.028"/>
  <system-out/>
  <testcase classname="test.cases.UserManagementTestCase" name="verifyAddUserPage" time="11.722"/>
  <system-out/>
</testsuite> <!-- test.cases.UserManagementTestCase -->
