<?xml version="1.0" encoding="UTF-8"?>
<!-- Generated by org.testng.reporters.JUnitReportReporter -->
<testsuite hostname="LAPTOP-RLOOET04" failures="0" tests="3" name="test.cases.PIMreportTestcases" time="65.095" errors="0" timestamp="2023-04-05T22:13:05 IST" skipped="0">
  <testcase classname="test.cases.PIMreportTestcases" name="reprotEndToEnd" time="14.841"/>
  <system-out/>
  <testcase classname="test.cases.PIMreportTestcases" name="addReportPageVerify" time="35.662"/>
  <system-out/>
  <testcase classname="test.cases.PIMreportTestcases" name="verifySearchbtnInvalidData" time="14.592"/>
  <system-out/>
</testsuite> <!-- test.cases.PIMreportTestcases -->
